C:\Program Files (x86)\Microsoft Visual Studio\2017\Community\Common7\IDE\VC\VCTargets\Microsoft.CppBuild.targets(391,5): warning MSB8028: 中間ディレクトリ (x64\Release\) に別のプロジェクト (Bullet2FileLoader.vcxproj, Bullet3Collision.vcxproj, Bullet3Common.vcxproj, Bullet3Dynamics.vcxproj, Bullet3Geometry.vcxproj, Bullet3OpenCL_clew.vcxproj, BulletDynamics.vcxproj, BulletFileLoader.vcxproj, BulletInverseDynamicsUtils.vcxproj, BulletInverseDynamics.vcxproj, BulletSoftBody.vcxproj, BulletWorldImporter.vcxproj, BulletXmlWorldImporter.vcxproj, LinearMath.vcxproj) と共有されているファイルが含まれています。これにより、クリーンしてリビルド動作が適切に行われない可能性があります。
cl : コマンド ライン warning D9002: 不明なオプション '/arch:SSE2' を無視します。
cl : コマンド ライン warning D9002: 不明なオプション '/arch:SSE2' を無視します。
  btAxisSweep3.cpp
cl : コマンド ライン warning D9002: 不明なオプション '/arch:SSE2' を無視します。
  btBroadphaseProxy.cpp
cl : コマンド ライン warning D9002: 不明なオプション '/arch:SSE2' を無視します。
  btCollisionAlgorithm.cpp
cl : コマンド ライン warning D9002: 不明なオプション '/arch:SSE2' を無視します。
  btDbvt.cpp
cl : コマンド ライン warning D9002: 不明なオプション '/arch:SSE2' を無視します。
  btDbvtBroadphase.cpp
cl : コマンド ライン warning D9002: 不明なオプション '/arch:SSE2' を無視します。
  btDispatcher.cpp
cl : コマンド ライン warning D9002: 不明なオプション '/arch:SSE2' を無視します。
  btOverlappingPairCache.cpp
cl : コマンド ライン warning D9002: 不明なオプション '/arch:SSE2' を無視します。
  btQuantizedBvh.cpp
  btSimpleBroadphase.cpp
  SphereTriangleDetector.cpp
  btActivatingCollisionAlgorithm.cpp
  btBox2dBox2dCollisionAlgorithm.cpp
  btBoxBoxCollisionAlgorithm.cpp
  btBoxBoxDetector.cpp
  btCollisionDispatcher.cpp
  btCollisionDispatcherMt.cpp
  btCollisionObject.cpp
  btCollisionWorld.cpp
  btCollisionWorldImporter.cpp
  btCompoundCollisionAlgorithm.cpp
  btCompoundCompoundCollisionAlgorithm.cpp
  btConvex2dConvex2dAlgorithm.cpp
  btConvexConcaveCollisionAlgorithm.cpp
  btConvexConvexAlgorithm.cpp
  btConvexPlaneCollisionAlgorithm.cpp
  btDefaultCollisionConfiguration.cpp
  btEmptyCollisionAlgorithm.cpp
  btGhostObject.cpp
  btHashedSimplePairCache.cpp
  btInternalEdgeUtility.cpp
  btManifoldResult.cpp
  btSimulationIslandManager.cpp
  btSphereBoxCollisionAlgorithm.cpp
  btSphereSphereCollisionAlgorithm.cpp
  btSphereTriangleCollisionAlgorithm.cpp
  btUnionFind.cpp
  btBox2dShape.cpp
  btBoxShape.cpp
  btBvhTriangleMeshShape.cpp
  btCapsuleShape.cpp
  btCollisionShape.cpp
  btCompoundShape.cpp
  btConcaveShape.cpp
  btConeShape.cpp
  btConvex2dShape.cpp
  btConvexHullShape.cpp
  btConvexInternalShape.cpp
  btConvexPointCloudShape.cpp
  btConvexPolyhedron.cpp
  btConvexShape.cpp
  btConvexTriangleMeshShape.cpp
  btCylinderShape.cpp
  btEmptyShape.cpp
  btHeightfieldTerrainShape.cpp
  btMinkowskiSumShape.cpp
  btMultiSphereShape.cpp
  btMultimaterialTriangleMeshShape.cpp
  btOptimizedBvh.cpp
  btPolyhedralConvexShape.cpp
  btScaledBvhTriangleMeshShape.cpp
  btShapeHull.cpp
  btSphereShape.cpp
  btStaticPlaneShape.cpp
  btStridingMeshInterface.cpp
  btTetrahedronShape.cpp
  btTriangleBuffer.cpp
  btTriangleCallback.cpp
  btTriangleIndexVertexArray.cpp
  btTriangleIndexVertexMaterialArray.cpp
  btTriangleMesh.cpp
  btTriangleMeshShape.cpp
  btUniformScalingShape.cpp
  btContactProcessing.cpp
  btGImpactBvh.cpp
  btGImpactCollisionAlgorithm.cpp
  btGImpactQuantizedBvh.cpp
  btGImpactShape.cpp
  btGenericPoolAllocator.cpp
  btTriangleShapeEx.cpp
  gim_box_set.cpp
  gim_contact.cpp
  gim_memory.cpp
  gim_tri_collision.cpp
  btContinuousConvexCollision.cpp
  btConvexCast.cpp
  btGjkConvexCast.cpp
  btGjkEpa2.cpp
  btGjkEpaPenetrationDepthSolver.cpp
  btGjkPairDetector.cpp
  btMinkowskiPenetrationDepthSolver.cpp
  btPersistentManifold.cpp
  btPolyhedralContactClipping.cpp
  btRaycastCallback.cpp
  btSubSimplexConvexCast.cpp
  btVoronoiSimplexSolver.cpp
  BulletCollision.vcxproj -> D:\Users\Onbashira\Desktop\bullet3-2.87\bullet3-2.87\build3\vs2010\x64\Release\BulletCollision.lib
