C:\Program Files (x86)\Microsoft Visual Studio\2017\Community\Common7\IDE\VC\VCTargets\Microsoft.CppBuild.targets(391,5): warning MSB8028: 中間ディレクトリ (x64\Release\) に別のプロジェクト (Bullet2FileLoader.vcxproj, Bullet3Collision.vcxproj, Bullet3Common.vcxproj, Bullet3Dynamics.vcxproj, Bullet3Geometry.vcxproj, Bullet3OpenCL_clew.vcxproj, BulletDynamics.vcxproj, BulletFileLoader.vcxproj, BulletInverseDynamicsUtils.vcxproj, BulletInverseDynamics.vcxproj, BulletSoftBody.vcxproj, BulletWorldImporter.vcxproj, BulletXmlWorldImporter.vcxproj) と共有されているファイルが含まれています。これにより、クリーンしてリビルド動作が適切に行われない可能性があります。
cl : コマンド ライン warning D9002: 不明なオプション '/arch:SSE2' を無視します。
cl : コマンド ライン warning D9002: 不明なオプション '/arch:SSE2' を無視します。
  btAlignedAllocator.cpp
cl : コマンド ライン warning D9002: 不明なオプション '/arch:SSE2' を無視します。
  btConvexHull.cpp
cl : コマンド ライン warning D9002: 不明なオプション '/arch:SSE2' を無視します。
  btConvexHullComputer.cpp
cl : コマンド ライン warning D9002: 不明なオプション '/arch:SSE2' を無視します。
  btGeometryUtil.cpp
cl : コマンド ライン warning D9002: 不明なオプション '/arch:SSE2' を無視します。
  btPolarDecomposition.cpp
cl : コマンド ライン warning D9002: 不明なオプション '/arch:SSE2' を無視します。
  btQuickprof.cpp
cl : コマンド ライン warning D9002: 不明なオプション '/arch:SSE2' を無視します。
  btSerializer.cpp
cl : コマンド ライン warning D9002: 不明なオプション '/arch:SSE2' を無視します。
  btSerializer64.cpp
  btThreads.cpp
  btVector3.cpp
  LinearMath.vcxproj -> D:\Users\Onbashira\Desktop\bullet3-2.87\bullet3-2.87\build3\vs2010\x64\Release\LinearMath.lib
